github/TellMeTellYou/proguard-android.txt
# This is a configuration file for ProGuard.
# http://proguard.sourceforge.net/index.html#manual/usage.html

-dontusemixedcaseclassnames
-dontskipnonpubliclibraryclasses
-verbose

# Optimization is turned off by default. Dex does not like code run
# through the ProGuard optimize and preverify steps (and performs some
# of these optimizations on its own).
-dontoptimize
-dontpreverify
# Note that if you want to enable optimization, you cannot just
# include optimization flags in your own project configuration file;
# instead you will need to point to the
# "proguard-android-optimize.txt" file instead of this one from your
# project.properties file.

-keepattributes *Annotation*
-keep public class com.google.vending.licensing.ILicensingService
-keep public class com.android.vending.licensing.ILicensingService

# For native methods, see http://proguard.sourceforge.net/manual/examples.html#native
-keepclasseswithmembernames class * {
    native <methods>;
}

# keep setters in Views so that animations can still work.
# see http://proguard.sourceforge.net/manual/examples.html#beans
-keepclassmembers public class * extends android.view.View {
   void set*(***);
   *** get*();
}

# We want to keep methods in Activity that could be used in the XML attribute onClick
-keepclassmembers class * extends android.app.Activity {
   public void *(android.view.View);
}

# For enumeration classes, see http://proguard.sourceforge.net/manual/examples.html#enumerations
-keepclassmembers enum * {
    public static **[] values();
    public static ** valueOf(java.lang.String);
}

-keep class * implements android.os.Parcelable {
  public static final android.os.Parcelable$Creator *;
}

-keepclassmembers class **.R$* {
    public static <fields>;
}

# 高德混淆
-libraryjars   libs/android-support-v4.jar

-dontwarn android.support.v4.**    

-keep class android.support.v4.** { *; }  

-keep interface android.support.v4.app.** { *; }  

-keep public class * extends android.support.v4.**  

-keep public class * extends android.app.Fragment

#libs文件夹下的第三方jar包，注意名称

-libraryjars   libs/AMap_3DMap_V2.4.0.jar

-libraryjars   libs/AMap_Services_V2.3.1.jar

-libraryjars   libs/Android_Location_V1.3.0.jar


-dontwarn com.amap.api.**   

-dontwarn com.a.a.**   

-dontwarn com.autonavi.**   

-keep class com.amap.api.**  {*;}      

-keep class com.autonavi.**  {*;}

-keep class com.a.a.**  {*;}









# The support library contains references to newer platform versions.
# Don't warn about those in case this app is linking against an older
# platform version.  We know about them, and they are safe.
-dontwarn android.support.**