github/TellMeTellYou/proguard/seeds.txt
com.tell.MainActivity
com.tell.MainActivity: MainActivity()
com.tell.MainActivity: void initView(android.view.View)
com.tell.MainActivity: void onClick(android.view.View)
com.tell.R$anim: int photo_dialog_in_anim
com.tell.R$anim: int photo_dialog_out_anim
com.tell.R$color: int grey
com.tell.R$dimen: int activity_horizontal_margin
com.tell.R$dimen: int activity_vertical_margin
com.tell.R$drawable: int badge_sa
com.tell.R$drawable: int badge_wa
com.tell.R$drawable: int btn_default_small
com.tell.R$drawable: int btn_default_small_normal
com.tell.R$drawable: int btn_default_small_normal_disable
com.tell.R$drawable: int btn_default_small_pressed
com.tell.R$drawable: int btn_map_poi
com.tell.R$drawable: int btn_nav_drag_down
com.tell.R$drawable: int btn_nav_drag_down_normal
com.tell.R$drawable: int btn_nav_drag_down_pressed
com.tell.R$drawable: int btn_poi_search_normal
com.tell.R$drawable: int btn_route_next
com.tell.R$drawable: int btn_route_pre
com.tell.R$drawable: int bus
com.tell.R$drawable: int car
com.tell.R$drawable: int custom_info_bubble
com.tell.R$drawable: int dialog_line_border
com.tell.R$drawable: int direct_mapsearch
com.tell.R$drawable: int direct_mapsearch_pressed
com.tell.R$drawable: int divider
com.tell.R$drawable: int downarrow
com.tell.R$drawable: int end
com.tell.R$drawable: int groundoverlay
com.tell.R$drawable: int ic_launcher
com.tell.R$drawable: int icon_poisearch
com.tell.R$drawable: int left_back
com.tell.R$drawable: int location_marker
com.tell.R$drawable: int man
com.tell.R$drawable: int mode_driving
com.tell.R$drawable: int mode_driving_focused
com.tell.R$drawable: int mode_driving_off
com.tell.R$drawable: int mode_driving_on
com.tell.R$drawable: int mode_transit
com.tell.R$drawable: int mode_transit_focused
com.tell.R$drawable: int mode_transit_off
com.tell.R$drawable: int mode_transit_on
com.tell.R$id: int action_settings
com.tell.R$id: int cancelSmsTv
com.tell.R$id: int cancelTv
com.tell.R$id: int compassTv
com.tell.R$id: int confirmTv
com.tell.R$id: int containerLl
com.tell.R$id: int infoTv
com.tell.R$id: int map
com.tell.R$id: int phoneEt
com.tell.R$id: int smsLocationTv
com.tell.R$id: int wv_area
com.tell.R$id: int wv_city
com.tell.R$id: int wv_province
com.tell.R$layout: int activity_main
com.tell.R$layout: int dialog_hint
com.tell.R$layout: int dialog_region
com.tell.R$layout: int dialog_select
com.tell.R$menu: int main
com.tell.R$raw: int city
com.tell.R$string: int action_settings
com.tell.R$string: int app_name
com.tell.R$string: int error_key
com.tell.R$string: int error_network
com.tell.R$string: int error_other
com.tell.R$string: int gpsfollow
com.tell.R$string: int gpslocate
com.tell.R$string: int gpsrotate
com.tell.R$string: int hello_world
com.tell.R$string: int no_result
com.tell.R$style: int AppBaseTheme
com.tell.R$style: int AppTheme
com.tell.R$style: int main_menu_animstyle
com.tell.R$style: int transparentFrameWindowStyle
...
android.support.v4.view.AccessibilityDelegateCompat$AccessibilityDelegateImpl
android.support.v4.view.AccessibilityDelegateCompat$AccessibilityDelegateImpl: java.lang.Object newAccessiblityDelegateDefaultImpl()
android.support.v4.view.AccessibilityDelegateCompat$AccessibilityDelegateImpl: java.lang.Object newAccessiblityDelegateBridge(android.support.v4.view.AccessibilityDelegateCompat)
android.support.v4.view.AccessibilityDelegateCompat$AccessibilityDelegateImpl: boolean dispatchPopulateAccessibilityEvent(java.lang.Object,android.view.View,android.view.accessibility.AccessibilityEvent)
android.support.v4.view.AccessibilityDelegateCompat$AccessibilityDelegateImpl: void onInitializeAccessibilityEvent(java.lang.Object,android.view.View,android.view.accessibility.AccessibilityEvent)
android.support.v4.view.AccessibilityDelegateCompat$AccessibilityDelegateImpl: void onInitializeAccessibilityNodeInfo(java.lang.Object,android.view.View,android.support.v4.view.accessibility.AccessibilityNodeInfoCompat)
android.support.v4.view.AccessibilityDelegateCompat$AccessibilityDelegateImpl: void onPopulateAccessibilityEvent(java.lang.Object,android.view.View,android.view.accessibility.AccessibilityEvent)
android.support.v4.view.AccessibilityDelegateCompat$AccessibilityDelegateImpl: boolean onRequestSendAccessibilityEvent(java.lang.Object,android.view.ViewGroup,android.view.View,android.view.accessibility.AccessibilityEvent)
android.support.v4.view.AccessibilityDelegateCompat$AccessibilityDelegateJellyBeanImpl
android.support.v4.view.AccessibilityDelegateCompat$AccessibilityDelegateJellyBeanImpl: AccessibilityDelegateCompat$AccessibilityDelegateJellyBeanImpl()
android.support.v4.view.AccessibilityDelegateCompat$AccessibilityDelegateJellyBeanImpl: java.lang.Object newAccessiblityDelegateBridge(android.support.v4.view.AccessibilityDelegateCompat)
android.support.v4.view.AccessibilityDelegateCompat$AccessibilityDelegateJellyBeanImpl: android.support.v4.view.accessibility.AccessibilityNodeProviderCompat getAccessibilityNodeProvider(java.lang.Object,android.view.View)
android.support.v4.view.AccessibilityDelegateCompat$AccessibilityDelegateJellyBeanImpl: boolean performAccessibilityAction(java.lang.Object,android.view.View,int,android.os.Bundle)
android.support.v4.view.AccessibilityDelegateCompat$AccessibilityDelegateJellyBeanImpl$1
android.support.v4.view.AccessibilityDelegateCompat$AccessibilityDelegateJellyBeanImpl$1: android.support.v4.view.AccessibilityDelegateCompat val$compat
android.support.v4.view.AccessibilityDelegateCompat$AccessibilityDelegateJellyBeanImpl$1: android.support.v4.view.AccessibilityDelegateCompat$AccessibilityDelegateJellyBeanImpl this$0
android.support.v4.view.AccessibilityDelegateCompat$AccessibilityDelegateJellyBeanImpl$1: AccessibilityDelegateCompat$AccessibilityDelegateJellyBeanImpl$1(android.support.v4.view.AccessibilityDelegateCompat$AccessibilityDelegateJellyBeanImpl,android.support.v4.view.AccessibilityDelegateCompat)
android.support.v4.view.AccessibilityDelegateCompat$AccessibilityDelegateJellyBeanImpl$1: boolean dispatchPopulateAccessibilityEvent(android.view.View,android.view.accessibility.AccessibilityEvent)
android.support.v4.view.AccessibilityDelegateCompat$AccessibilityDelegateJellyBeanImpl$1: void onInitializeAccessibilityEvent(android.view.View,android.view.accessibility.AccessibilityEvent)
android.support.v4.view.AccessibilityDelegateCompat$AccessibilityDelegateJellyBeanImpl$1: void onInitializeAccessibilityNodeInfo(android.view.View,java.lang.Object)
android.support.v4.view.AccessibilityDelegateCompat$AccessibilityDelegateJellyBeanImpl$1: void onPopulateAccessibilityEvent(android.view.View,android.view.accessibility.AccessibilityEvent)