github/TellMeTellYou/proguard/mapping.txt
com.tell.MainActivity -> com.tell.MainActivity:
    com.amap.api.maps.AMap aMap -> d
    com.amap.api.maps.MapView mapView -> e
    com.amap.api.maps.LocationSource$OnLocationChangedListener mListener -> f
    com.amap.api.location.LocationManagerProxy mAMapLocationManager -> g
    com.amap.api.services.core.LatLonPoint latLonPoint -> h
    com.amap.api.services.geocoder.GeocodeSearch geocoderSearch -> i
    int compass -> j
    android.app.Dialog dialog -> k
    com.amap.api.maps.model.Marker geoMarker -> l
    com.amap.api.maps.model.Marker regeoMarker -> m
    com.dialog.SelectCityDialog dilog -> n
    android.widget.TextView phoneTv -> o
    com.amap.api.maps.model.LatLng selectLatLng -> p
    org.json.JSONObject json -> q
    boolean isLon -> r
    com.bean.CityBean bean1 -> s
    com.bean.CityBean bean2 -> t
    com.bean.CityBean bean3 -> u
    com.bean.CityBean cityBean -> v
    java.lang.String addressName -> w
    void onCreate(android.os.Bundle) -> onCreate
    void initBundle(android.os.Bundle) -> a
    void initView(android.view.View) -> initView
    void onClick(android.view.View) -> onClick
    void sendSMSMessage(java.lang.String) -> a
    void showCityDialog() -> a
    void setCompass(int) -> c
    void init() -> b
    void showPhoneDialog() -> c
    void showSmsLocationDialog(com.amap.api.services.core.LatLonPoint) -> b
    void setUpMap() -> d
    void getAddress(com.amap.api.services.core.LatLonPoint) -> a
    void onResume() -> onResume
com.tell.MainActivity$1 -> com.tell.a:
    com.tell.MainActivity this$0 -> a
    void content(java.lang.String,java.lang.String,java.lang.String) -> a
com.tell.MainActivity$MyMarker -> com.tell.b:
    com.tell.MainActivity this$0 -> a
    boolean onMarkerClick(com.amap.api.maps.model.Marker) -> onMarkerClick
com.tell.MainActivity$SelectItem -> com.tell.c:
    com.tell.MainActivity this$0 -> a
    void item1(com.bean.CityBean) -> a
    void item2(com.bean.CityBean) -> b
    void item3(com.bean.CityBean) -> c
    void lastItem(com.bean.CityBean) -> d
...
com.amap.api.mapcore.util.w -> com.amap.api.mapcore.util.w:
    boolean a(float,float,float,float,float,float,float,float) -> a
    boolean a(com.autonavi.amap.mapcore.FPoint[],int,int,int,int,int[]) -> a
    int a(com.autonavi.amap.mapcore.FPoint[]) -> a
    boolean a(com.autonavi.amap.mapcore.FPoint[],java.util.List) -> a
com.amap.api.mapcore.util.x -> com.amap.api.mapcore.util.x:
    int[] a -> a
    double[] b -> b
    android.graphics.Bitmap a(android.content.Context,java.lang.String) -> a
    void a(android.graphics.drawable.Drawable) -> a
    java.lang.String a(java.lang.String,java.lang.Object) -> a
    float a(float) -> a
    float b(float) -> b
    java.nio.FloatBuffer a(float[]) -> a
    java.nio.FloatBuffer a(float[],java.nio.FloatBuffer) -> a
    int a(javax.microedition.khronos.opengles.GL10,android.graphics.Bitmap) -> a
    int a(javax.microedition.khronos.opengles.GL10,android.graphics.Bitmap,boolean) -> a
    int a(javax.microedition.khronos.opengles.GL10,int,android.graphics.Bitmap) -> a
    int a(javax.microedition.khronos.opengles.GL10,int,android.graphics.Bitmap,boolean) -> a
    int a(int) -> a
    java.lang.String a(java.lang.String[]) -> a
    int a(java.lang.Object[]) -> a
    android.graphics.Bitmap a(android.graphics.Bitmap,int,int) -> a
    byte[] a(byte[]) -> a
    byte[] b(android.content.Context,java.lang.String) -> b
    android.graphics.Bitmap a(android.graphics.Bitmap,float) -> a
    java.lang.String a(android.content.Context) -> a
    java.lang.String b(android.content.Context) -> b
    java.lang.String b(int) -> b
    boolean c(android.content.Context) -> c
    boolean a() -> a
    boolean b() -> b
    boolean c() -> c
    boolean d() -> d
    void a(javax.microedition.khronos.opengles.GL10,int) -> a
    java.lang.String a(java.io.InputStream) -> a
com.amap.api.mapcore.util.y -> com.amap.api.mapcore.util.y:
    double[][] a -> a
    double[] a(double,double) -> a
    double a(double,double,double) -> a
com.amap.api.mapcore.v -> com.amap.api.mapcore.v:
    void a(com.amap.api.maps.CustomRenderer) -> a
    void a(com.amap.api.mapcore.s) -> a
    com.autonavi.amap.mapcore.MapProjection c() -> c
    int h() -> h
    int i() -> i
    int b() -> b
    int j() -> j
    android.view.View x() -> x
    void setZOrderOnTop(boolean) -> setZOrderOnTop
    void a(android.location.Location) -> a
    boolean a(java.lang.String) -> a
    void H() -> H
    void a(double,double,com.autonavi.amap.mapcore.IPoint) -> a
    void b(int,int,com.autonavi.amap.mapcore.FPoint) -> b
    void b(int,int,com.autonavi.amap.mapcore.DPoint) -> b
    float z() -> z
    int F() -> F
    void f(int) -> f
    com.amap.api.maps.model.CameraPosition l() -> l
    float m() -> m
    float n() -> n
    void a(com.amap.api.mapcore.m) -> a
    void b(com.amap.api.mapcore.m) -> b
    void a(com.amap.api.mapcore.m,com.amap.api.maps.AMap$CancelableCallback) -> a
    void a(com.amap.api.mapcore.m,long,com.amap.api.maps.AMap$CancelableCallback) -> a
    void o() -> o
    com.amap.api.mapcore.ae a(com.amap.api.maps.model.PolylineOptions) -> a
    com.amap.api.mapcore.x a(com.amap.api.maps.model.CircleOptions) -> a
    com.amap.api.mapcore.ad a(com.amap.api.maps.model.PolygonOptions) -> a
    com.amap.api.mapcore.y a(com.amap.api.maps.model.GroundOverlayOptions) -> a
    com.amap.api.maps.model.Marker a(com.amap.api.maps.model.MarkerOptions) -> a
com.amap.api.mapcore.w -> com.amap.api.mapcore.w:
    void b(float) -> b
    float h() -> h
    void a(int) -> a
    int i() -> i
com.amap.api.mapcore.x -> com.amap.api.mapcore.x:
    void a(com.amap.api.maps.model.LatLng) -> a
    com.amap.api.maps.model.LatLng i() -> i
    void a(double) -> a
    double l() -> l
    void b(float) -> b
    float m() -> m
    void a(int) -> a
    int n() -> n
    void b(int) -> b
    int o() -> o
    boolean b(com.amap.api.maps.model.LatLng) -> b