github/TellMeTellYou/proguard/usage.txt
com.tell.BuildConfig
com.tell.MainActivity:
    private static final java.lang.String TAG
    private static final java.lang.String LATITUDE
    private static final java.lang.String LONGITUDE
    368:370:public void getLatlon(java.lang.String)
com.tell.R
com.tell.R$anim
com.tell.R$attr
com.tell.R$color
com.tell.R$dimen
com.tell.R$drawable
com.tell.R$id
com.tell.R$layout
com.tell.R$menu
com.tell.R$raw
com.tell.R$string
com.tell.R$style
...
com.aps.u:
    public u()
com.base.BaseActivity:
    protected android.view.View otherV
    54:55:public void setOnClick(int)
    69:72:protected android.view.View getViewById(int,int)
    82:82:protected android.view.View getViewByView(android.view.View,int)
    120:122:protected void toActivity(java.lang.Class)
    130:131:protected void toActivityForResult(java.lang.Class,android.content.Intent,int)
com.base.BaseFragmentActivity:
    private android.view.View view
    25:27:public int createView(int)
    30:33:public android.view.View createView(android.view.View)
    37:38:public void setOnClick(int)
    51:55:public android.view.View getView(int)
com.base.BaseFrament:
    31:35:public android.view.View getView(int)
com.base.BaseMain:
    public abstract int createView(int)
    public abstract android.view.View createView(android.view.View)
    public abstract android.view.View getView(int)
    public abstract void setOnClick(android.view.View)
    public abstract void setOnClick(int)
com.dialog.SelectCityDialog$MyAdapter:
    215:215:public java.lang.Object getItemView(int)
com.img.util.constant.DbConstants
com.img.util.constant.HttpConstants
com.img.util.dao.HttpCacheDao
com.img.util.dao.ImageSDCardCacheDao
com.img.util.dao.impl.HttpCacheDaoImpl
com.img.util.dao.impl.ImageSDCardCacheDaoImpl
com.img.util.entity.CacheObject
com.img.util.entity.FailedReason:
    13:16:public FailedReason(com.img.util.entity.FailedReason$FailedType,java.lang.String)
    29:29:public com.img.util.entity.FailedReason$FailedType getFailedType()
    38:38:public java.lang.Throwable getCause()
com.img.util.entity.HttpRequest
com.img.util.entity.HttpResponse
com.img.util.entity.PatchResult
com.img.util.service.Cache
com.img.util.service.CacheFullRemoveType:
    public abstract int compare(com.img.util.entity.CacheObject,com.img.util.entity.CacheObject)
com.img.util.service.FileNameRule:
    public abstract java.lang.String getFileName(java.lang.String)
com.img.util.service.HttpCache:
    private android.content.Context context
    private java.util.Map cache
    private com.img.util.dao.HttpCacheDao httpCacheDao
    private int type
    66:73:public HttpCache(android.content.Context)
    82:85:private HttpCache(android.content.Context,int)
    93:97:private void initData(int)
    113:141:public com.img.util.entity.HttpResponse httpGet(com.img.util.entity.HttpRequest)
    159:164:public void httpGet(java.lang.String,com.img.util.service.HttpCache$HttpCacheListener)
    180:185:public void httpGet(com.img.util.entity.HttpRequest,com.img.util.service.HttpCache$HttpCacheListener)
    200:200:public com.img.util.entity.HttpResponse httpGet(java.lang.String)
    216:217:public java.lang.String httpGetString(java.lang.String)
    233:233:public com.img.util.entity.HttpResponse httpGetString(com.img.util.entity.HttpRequest)
    243:243:public boolean containsKey(java.lang.String)
    253:253:protected boolean isExpired(java.lang.String)
    260:262:public void clear()
    297:297:private int getType()
    312:319:private com.img.util.entity.HttpResponse putIntoCache(com.img.util.entity.HttpResponse)
    332:340:public com.img.util.entity.HttpResponse getFromCache(java.lang.String)
com.img.util.service.HttpCache$HttpCacheListener
com.img.util.service.HttpCache$HttpCacheRequestAsyncTask
com.img.util.service.HttpCache$HttpCacheStringAsyncTask
com.img.util.service.impl.FileNameRuleCurrentTime
com.img.util.service.impl.FileNameRuleCurrentTime$TimeRule
com.img.util.service.impl.FileNameRuleImageUrl:
    private static final long serialVersionUID
    public static final java.lang.String DEFAULT_FILE_NAME
    public static final int MAX_FILE_NAME_LENGTH
    30:37:public java.lang.String getFileName(java.lang.String)
    42:43:public com.img.util.service.impl.FileNameRuleImageUrl setFileExtension(java.lang.String)